<?xml version="1.0" encoding="UTF-8"?>
<testsuite xmlns:xsi="http://www.w3.org/2001/XMLSchema-instance" xsi:noNamespaceSchemaLocation="https://maven.apache.org/surefire/maven-surefire-plugin/xsd/surefire-test-report-3.0.xsd" version="3.0" name="runners.TestRunner" time="6.774" tests="1" errors="0" skipped="0" failures="0">
  <properties>
[...]
</properties>
  <testcase name="User navigates to the contact page" classname="Navigate to contact page" time="6.116">
    <system-out><![CDATA[
Scenario: User navigates to the contact page # src/test/resources/features/navigate_to_contact.feature:3
Navigating to SLIB home page
  Given User is on the SLIB home page        # steps.ContactSteps.user_is_on_the_slib_home_page()
Clicking on the 'Contact' link
  When User clicks on the "Contact" link     # steps.ContactSteps.user_clicks_on_the_link(java.lang.String)
User is on the contact page
  Then User should be on the contact page    # steps.ContactSteps.user_should_be_on_the_contact_page()
]]></system-out>
    <system-err><![CDATA[SLF4J: No SLF4J providers were found.
SLF4J: Defaulting to no-operation (NOP) logger implementation
SLF4J: See https://www.slf4j.org/codes.html#noProviders for further details.
janv. 08, 2025 11:48:17 AM org.openqa.selenium.devtools.CdpVersionFinder findNearestMatch
WARNING: Unable to find CDP implementation matching 131
janv. 08, 2025 11:48:17 AM org.openqa.selenium.chromium.ChromiumDriver lambda$new$5
WARNING: Unable to find version of CDP to use for 131.0.6778.205. You may need to include a dependency on a specific version of the CDP using something similar to `org.seleniumhq.selenium:selenium-devtools-v86:4.13.0` where the version ("v86") matches the version of the chromium-based browser you're using and the version number of the artifact is the same as Selenium's.
]]></system-err>
  </testcase>
</testsuite>